2018-06-30 06:53:03,526 [Worker-3] INFO  c.g.t.t.d.PublishedGradleVersions - Gradle version information cache is up-to-date. Trying to read.
2018-06-30 06:54:42,582 [ModalContext] INFO  o.e.m.c.i.e.AbstractTransferListenerAdapter - Downloading https://repo.maven.apache.org/maven2/org/apache/maven/archetypes/maven-archetype-quickstart/1.1/maven-archetype-quickstart-1.1.jar
2018-06-30 06:54:42,831 [ModalContext] INFO  o.e.m.c.i.e.AbstractTransferListenerAdapter - Downloaded https://repo.maven.apache.org/maven2/org/apache/maven/archetypes/maven-archetype-quickstart/1.1/maven-archetype-quickstart-1.1.jar
2018-06-30 06:54:43,109 [ModalContext] INFO  o.e.m.c.i.e.AbstractTransferListenerAdapter - Downloading https://repo.maven.apache.org/maven2/org/apache/maven/archetypes/maven-archetype-quickstart/1.1/maven-archetype-quickstart-1.1.pom
2018-06-30 06:54:43,324 [ModalContext] INFO  o.e.m.c.i.e.AbstractTransferListenerAdapter - Downloaded https://repo.maven.apache.org/maven2/org/apache/maven/archetypes/maven-archetype-quickstart/1.1/maven-archetype-quickstart-1.1.pom
2018-06-30 06:55:34,085 [Worker-11] INFO  o.e.m.c.i.p.ProjectConfigurationManager - Collecting project info '/pom.xml' C:\Users\madis\eclipse-workspace\MavenJenkins\JenkinsIntegTest\pom.xml
2018-06-30 06:55:36,317 [Worker-11] INFO  o.e.m.c.i.l.LifecycleMappingFactory - Using org.eclipse.m2e.jdt.JarLifecycleMapping lifecycle mapping for MavenProject: org.myproject:JenkinsIntegTest:0.0.1-SNAPSHOT @ C:\Users\madis\eclipse-workspace\MavenJenkins\JenkinsIntegTest\pom.xml.
2018-06-30 06:55:36,952 [Worker-11] INFO  o.e.m.j.i.AbstractJavaProjectConfigurator - Adding source folder /JenkinsIntegTest/src/main/java
2018-06-30 06:55:36,967 [Worker-11] INFO  o.e.m.j.i.AbstractJavaProjectConfigurator - Adding source folder /JenkinsIntegTest/src/test/java
2018-06-30 06:55:38,097 [Worker-11] INFO  o.e.m.c.i.p.ProjectConfigurationManager - Imported and configured 1 project(s) in 4 sec
2018-06-30 06:55:39,483 [Worker-4] INFO  o.e.m.c.i.embedder.EclipseLogger - Using 'UTF-8' encoding to copy filtered resources.
2018-06-30 06:55:39,483 [Worker-4] INFO  o.e.m.c.i.embedder.EclipseLogger - skip non existing resourceDirectory C:\Users\madis\eclipse-workspace\MavenJenkins\JenkinsIntegTest\src\main\resources
2018-06-30 06:55:39,486 [Worker-4] INFO  o.e.m.c.i.embedder.EclipseLogger - Using 'UTF-8' encoding to copy filtered resources.
2018-06-30 06:55:39,486 [Worker-4] INFO  o.e.m.c.i.embedder.EclipseLogger - skip non existing resourceDirectory C:\Users\madis\eclipse-workspace\MavenJenkins\JenkinsIntegTest\src\test\resources
2018-06-30 06:58:06,400 [Worker-2] INFO  o.e.m.c.i.embedder.EclipseLogger - Using 'UTF-8' encoding to copy filtered resources.
2018-06-30 06:58:06,401 [Worker-2] INFO  o.e.m.c.i.embedder.EclipseLogger - skip non existing resourceDirectory C:\Users\madis\eclipse-workspace\MavenJenkins\JenkinsIntegTest\src\main\resources
2018-06-30 06:58:06,403 [Worker-2] INFO  o.e.m.c.i.embedder.EclipseLogger - Using 'UTF-8' encoding to copy filtered resources.
2018-06-30 06:58:06,403 [Worker-2] INFO  o.e.m.c.i.embedder.EclipseLogger - skip non existing resourceDirectory C:\Users\madis\eclipse-workspace\MavenJenkins\JenkinsIntegTest\src\test\resources
2018-06-30 06:58:07,458 [Worker-8] INFO  o.e.m.c.i.embedder.EclipseLogger - Using 'UTF-8' encoding to copy filtered resources.
2018-06-30 06:58:07,461 [Worker-8] INFO  o.e.m.c.i.embedder.EclipseLogger - skip non existing resourceDirectory C:\Users\madis\eclipse-workspace\MavenJenkins\JenkinsIntegTest\src\main\resources
2018-06-30 06:58:07,465 [Worker-8] INFO  o.e.m.c.i.embedder.EclipseLogger - Using 'UTF-8' encoding to copy filtered resources.
2018-06-30 06:58:07,466 [Worker-8] INFO  o.e.m.c.i.embedder.EclipseLogger - skip non existing resourceDirectory C:\Users\madis\eclipse-workspace\MavenJenkins\JenkinsIntegTest\src\test\resources
2018-06-30 06:59:29,044 [Worker-6] INFO  o.e.m.c.i.embedder.EclipseLogger - Using 'UTF-8' encoding to copy filtered resources.
2018-06-30 06:59:29,044 [Worker-6] INFO  o.e.m.c.i.embedder.EclipseLogger - skip non existing resourceDirectory C:\Users\madis\eclipse-workspace\MavenJenkins\JenkinsIntegTest\src\main\resources
2018-06-30 06:59:29,046 [Worker-6] INFO  o.e.m.c.i.embedder.EclipseLogger - Using 'UTF-8' encoding to copy filtered resources.
2018-06-30 06:59:29,048 [Worker-6] INFO  o.e.m.c.i.embedder.EclipseLogger - skip non existing resourceDirectory C:\Users\madis\eclipse-workspace\MavenJenkins\JenkinsIntegTest\src\test\resources
2018-06-30 06:59:47,884 [Worker-2] INFO  o.e.m.c.i.embedder.EclipseLogger - Using 'UTF-8' encoding to copy filtered resources.
2018-06-30 06:59:47,884 [Worker-2] INFO  o.e.m.c.i.embedder.EclipseLogger - skip non existing resourceDirectory C:\Users\madis\eclipse-workspace\MavenJenkins\JenkinsIntegTest\src\main\resources
2018-06-30 06:59:47,886 [Worker-2] INFO  o.e.m.c.i.embedder.EclipseLogger - Using 'UTF-8' encoding to copy filtered resources.
2018-06-30 06:59:47,887 [Worker-2] INFO  o.e.m.c.i.embedder.EclipseLogger - skip non existing resourceDirectory C:\Users\madis\eclipse-workspace\MavenJenkins\JenkinsIntegTest\src\test\resources
2018-06-30 07:08:30,099 [Worker-6] INFO  o.e.m.c.i.embedder.EclipseLogger - Using 'UTF-8' encoding to copy filtered resources.
2018-06-30 07:08:30,099 [Worker-6] INFO  o.e.m.c.i.embedder.EclipseLogger - skip non existing resourceDirectory C:\Users\madis\eclipse-workspace\MavenJenkins\JenkinsIntegTest\src\main\resources
2018-06-30 07:08:30,100 [Worker-6] INFO  o.e.m.c.i.embedder.EclipseLogger - Using 'UTF-8' encoding to copy filtered resources.
2018-06-30 07:08:30,100 [Worker-6] INFO  o.e.m.c.i.embedder.EclipseLogger - skip non existing resourceDirectory C:\Users\madis\eclipse-workspace\MavenJenkins\JenkinsIntegTest\src\test\resources
2018-06-30 07:08:54,771 [Worker-6] INFO  o.e.m.c.i.embedder.EclipseLogger - Using 'UTF-8' encoding to copy filtered resources.
2018-06-30 07:08:54,771 [Worker-6] INFO  o.e.m.c.i.embedder.EclipseLogger - skip non existing resourceDirectory C:\Users\madis\eclipse-workspace\MavenJenkins\JenkinsIntegTest\src\main\resources
2018-06-30 07:08:54,773 [Worker-6] INFO  o.e.m.c.i.embedder.EclipseLogger - Using 'UTF-8' encoding to copy filtered resources.
2018-06-30 07:08:54,773 [Worker-6] INFO  o.e.m.c.i.embedder.EclipseLogger - skip non existing resourceDirectory C:\Users\madis\eclipse-workspace\MavenJenkins\JenkinsIntegTest\src\test\resources
2018-06-30 07:09:16,361 [Worker-6] INFO  o.e.m.c.i.embedder.EclipseLogger - Using 'UTF-8' encoding to copy filtered resources.
2018-06-30 07:09:16,362 [Worker-6] INFO  o.e.m.c.i.embedder.EclipseLogger - skip non existing resourceDirectory C:\Users\madis\eclipse-workspace\MavenJenkins\JenkinsIntegTest\src\main\resources
2018-06-30 07:09:16,368 [Worker-6] INFO  o.e.m.c.i.embedder.EclipseLogger - Using 'UTF-8' encoding to copy filtered resources.
2018-06-30 07:09:16,369 [Worker-6] INFO  o.e.m.c.i.embedder.EclipseLogger - skip non existing resourceDirectory C:\Users\madis\eclipse-workspace\MavenJenkins\JenkinsIntegTest\src\test\resources
2018-06-30 07:09:55,250 [Worker-6] INFO  o.e.m.c.i.embedder.EclipseLogger - Using 'UTF-8' encoding to copy filtered resources.
2018-06-30 07:09:55,250 [Worker-6] INFO  o.e.m.c.i.embedder.EclipseLogger - skip non existing resourceDirectory C:\Users\madis\eclipse-workspace\MavenJenkins\JenkinsIntegTest\src\main\resources
2018-06-30 07:09:55,252 [Worker-6] INFO  o.e.m.c.i.embedder.EclipseLogger - Using 'UTF-8' encoding to copy filtered resources.
2018-06-30 07:09:55,252 [Worker-6] INFO  o.e.m.c.i.embedder.EclipseLogger - skip non existing resourceDirectory C:\Users\madis\eclipse-workspace\MavenJenkins\JenkinsIntegTest\src\test\resources
2018-06-30 07:10:54,335 [Worker-13] INFO  o.e.m.c.i.embedder.EclipseLogger - Using 'UTF-8' encoding to copy filtered resources.
2018-06-30 07:10:54,335 [Worker-13] INFO  o.e.m.c.i.embedder.EclipseLogger - skip non existing resourceDirectory C:\Users\madis\eclipse-workspace\MavenJenkins\JenkinsIntegTest\src\main\resources
2018-06-30 07:10:54,336 [Worker-13] INFO  o.e.m.c.i.embedder.EclipseLogger - Using 'UTF-8' encoding to copy filtered resources.
2018-06-30 07:10:54,337 [Worker-13] INFO  o.e.m.c.i.embedder.EclipseLogger - skip non existing resourceDirectory C:\Users\madis\eclipse-workspace\MavenJenkins\JenkinsIntegTest\src\test\resources
2018-06-30 07:10:58,975 [Worker-6] INFO  o.e.m.c.i.embedder.EclipseLogger - Using 'UTF-8' encoding to copy filtered resources.
2018-06-30 07:10:58,975 [Worker-6] INFO  o.e.m.c.i.embedder.EclipseLogger - skip non existing resourceDirectory C:\Users\madis\eclipse-workspace\MavenJenkins\JenkinsIntegTest\src\main\resources
2018-06-30 07:10:58,977 [Worker-6] INFO  o.e.m.c.i.embedder.EclipseLogger - Using 'UTF-8' encoding to copy filtered resources.
2018-06-30 07:10:58,977 [Worker-6] INFO  o.e.m.c.i.embedder.EclipseLogger - skip non existing resourceDirectory C:\Users\madis\eclipse-workspace\MavenJenkins\JenkinsIntegTest\src\test\resources
2018-06-30 07:11:17,968 [Worker-6] INFO  o.e.m.c.i.embedder.EclipseLogger - Using 'UTF-8' encoding to copy filtered resources.
2018-06-30 07:11:17,969 [Worker-6] INFO  o.e.m.c.i.embedder.EclipseLogger - skip non existing resourceDirectory C:\Users\madis\eclipse-workspace\MavenJenkins\JenkinsIntegTest\src\main\resources
2018-06-30 07:11:17,973 [Worker-6] INFO  o.e.m.c.i.embedder.EclipseLogger - Using 'UTF-8' encoding to copy filtered resources.
2018-06-30 07:11:17,974 [Worker-6] INFO  o.e.m.c.i.embedder.EclipseLogger - skip non existing resourceDirectory C:\Users\madis\eclipse-workspace\MavenJenkins\JenkinsIntegTest\src\test\resources
2018-06-30 07:12:01,784 [Worker-3] INFO  o.e.m.c.i.embedder.EclipseLogger - Using 'UTF-8' encoding to copy filtered resources.
2018-06-30 07:12:01,784 [Worker-3] INFO  o.e.m.c.i.embedder.EclipseLogger - skip non existing resourceDirectory C:\Users\madis\eclipse-workspace\MavenJenkins\JenkinsIntegTest\src\main\resources
2018-06-30 07:12:01,786 [Worker-3] INFO  o.e.m.c.i.embedder.EclipseLogger - Using 'UTF-8' encoding to copy filtered resources.
2018-06-30 07:12:01,786 [Worker-3] INFO  o.e.m.c.i.embedder.EclipseLogger - skip non existing resourceDirectory C:\Users\madis\eclipse-workspace\MavenJenkins\JenkinsIntegTest\src\test\resources
2018-06-30 07:12:18,227 [Worker-3] INFO  o.e.m.c.i.embedder.EclipseLogger - Using 'UTF-8' encoding to copy filtered resources.
2018-06-30 07:12:18,227 [Worker-3] INFO  o.e.m.c.i.embedder.EclipseLogger - skip non existing resourceDirectory C:\Users\madis\eclipse-workspace\MavenJenkins\JenkinsIntegTest\src\main\resources
2018-06-30 07:12:18,228 [Worker-3] INFO  o.e.m.c.i.embedder.EclipseLogger - Using 'UTF-8' encoding to copy filtered resources.
2018-06-30 07:12:18,229 [Worker-3] INFO  o.e.m.c.i.embedder.EclipseLogger - skip non existing resourceDirectory C:\Users\madis\eclipse-workspace\MavenJenkins\JenkinsIntegTest\src\test\resources
2018-06-30 07:12:21,943 [Worker-13] INFO  o.e.m.c.i.embedder.EclipseLogger - Using 'UTF-8' encoding to copy filtered resources.
2018-06-30 07:12:21,944 [Worker-13] INFO  o.e.m.c.i.embedder.EclipseLogger - skip non existing resourceDirectory C:\Users\madis\eclipse-workspace\MavenJenkins\JenkinsIntegTest\src\main\resources
2018-06-30 07:12:21,946 [Worker-13] INFO  o.e.m.c.i.embedder.EclipseLogger - Using 'UTF-8' encoding to copy filtered resources.
2018-06-30 07:12:21,946 [Worker-13] INFO  o.e.m.c.i.embedder.EclipseLogger - skip non existing resourceDirectory C:\Users\madis\eclipse-workspace\MavenJenkins\JenkinsIntegTest\src\test\resources
2018-06-30 07:12:54,557 [Worker-7] INFO  o.e.m.c.i.embedder.EclipseLogger - Using 'UTF-8' encoding to copy filtered resources.
2018-06-30 07:12:54,557 [Worker-7] INFO  o.e.m.c.i.embedder.EclipseLogger - skip non existing resourceDirectory C:\Users\madis\eclipse-workspace\MavenJenkins\JenkinsIntegTest\src\main\resources
2018-06-30 07:12:54,559 [Worker-7] INFO  o.e.m.c.i.embedder.EclipseLogger - Using 'UTF-8' encoding to copy filtered resources.
2018-06-30 07:12:54,559 [Worker-7] INFO  o.e.m.c.i.embedder.EclipseLogger - skip non existing resourceDirectory C:\Users\madis\eclipse-workspace\MavenJenkins\JenkinsIntegTest\src\test\resources
2018-06-30 07:12:58,763 [Worker-13] INFO  o.e.m.c.i.embedder.EclipseLogger - Using 'UTF-8' encoding to copy filtered resources.
2018-06-30 07:12:58,764 [Worker-13] INFO  o.e.m.c.i.embedder.EclipseLogger - skip non existing resourceDirectory C:\Users\madis\eclipse-workspace\MavenJenkins\JenkinsIntegTest\src\main\resources
2018-06-30 07:12:58,769 [Worker-13] INFO  o.e.m.c.i.embedder.EclipseLogger - Using 'UTF-8' encoding to copy filtered resources.
2018-06-30 07:12:58,770 [Worker-13] INFO  o.e.m.c.i.embedder.EclipseLogger - skip non existing resourceDirectory C:\Users\madis\eclipse-workspace\MavenJenkins\JenkinsIntegTest\src\test\resources
2018-06-30 07:13:11,213 [Worker-6] INFO  o.e.m.c.i.embedder.EclipseLogger - Using 'UTF-8' encoding to copy filtered resources.
2018-06-30 07:13:11,213 [Worker-6] INFO  o.e.m.c.i.embedder.EclipseLogger - skip non existing resourceDirectory C:\Users\madis\eclipse-workspace\MavenJenkins\JenkinsIntegTest\src\main\resources
2018-06-30 07:13:11,216 [Worker-6] INFO  o.e.m.c.i.embedder.EclipseLogger - Using 'UTF-8' encoding to copy filtered resources.
2018-06-30 07:13:11,216 [Worker-6] INFO  o.e.m.c.i.embedder.EclipseLogger - skip non existing resourceDirectory C:\Users\madis\eclipse-workspace\MavenJenkins\JenkinsIntegTest\src\test\resources
2018-06-30 07:13:25,608 [Worker-14] INFO  o.e.m.c.i.embedder.EclipseLogger - Using 'UTF-8' encoding to copy filtered resources.
2018-06-30 07:13:25,608 [Worker-14] INFO  o.e.m.c.i.embedder.EclipseLogger - skip non existing resourceDirectory C:\Users\madis\eclipse-workspace\MavenJenkins\JenkinsIntegTest\src\main\resources
2018-06-30 07:13:25,609 [Worker-14] INFO  o.e.m.c.i.embedder.EclipseLogger - Using 'UTF-8' encoding to copy filtered resources.
2018-06-30 07:13:25,609 [Worker-14] INFO  o.e.m.c.i.embedder.EclipseLogger - skip non existing resourceDirectory C:\Users\madis\eclipse-workspace\MavenJenkins\JenkinsIntegTest\src\test\resources
2018-06-30 07:14:23,698 [Worker-13] INFO  o.e.m.c.i.embedder.EclipseLogger - Using 'UTF-8' encoding to copy filtered resources.
2018-06-30 07:14:23,698 [Worker-13] INFO  o.e.m.c.i.embedder.EclipseLogger - skip non existing resourceDirectory C:\Users\madis\eclipse-workspace\MavenJenkins\JenkinsIntegTest\src\main\resources
2018-06-30 07:14:23,698 [Worker-13] INFO  o.e.m.c.i.embedder.EclipseLogger - Using 'UTF-8' encoding to copy filtered resources.
2018-06-30 07:14:23,698 [Worker-13] INFO  o.e.m.c.i.embedder.EclipseLogger - skip non existing resourceDirectory C:\Users\madis\eclipse-workspace\MavenJenkins\JenkinsIntegTest\src\test\resources
2018-06-30 07:14:27,595 [Worker-14] INFO  o.e.m.c.i.embedder.EclipseLogger - Using 'UTF-8' encoding to copy filtered resources.
2018-06-30 07:14:27,596 [Worker-14] INFO  o.e.m.c.i.embedder.EclipseLogger - skip non existing resourceDirectory C:\Users\madis\eclipse-workspace\MavenJenkins\JenkinsIntegTest\src\main\resources
2018-06-30 07:14:27,598 [Worker-14] INFO  o.e.m.c.i.embedder.EclipseLogger - Using 'UTF-8' encoding to copy filtered resources.
2018-06-30 07:14:27,598 [Worker-14] INFO  o.e.m.c.i.embedder.EclipseLogger - skip non existing resourceDirectory C:\Users\madis\eclipse-workspace\MavenJenkins\JenkinsIntegTest\src\test\resources
2018-07-02 10:51:21,765 [Worker-2] INFO  c.g.t.t.d.PublishedGradleVersions - Gradle version information cache is out-of-date. Trying to update.
2018-07-02 10:51:26,182 [Worker-0] INFO  o.e.m.c.i.l.LifecycleMappingFactory - Using org.eclipse.m2e.jdt.JarLifecycleMapping lifecycle mapping for MavenProject: org.myproject:JenkinsIntegTest:0.0.1-SNAPSHOT @ C:\Users\madis\eclipse-workspace\MavenJenkins\JenkinsIntegTest\pom.xml.
2018-07-02 10:51:28,710 [Worker-9] INFO  o.e.m.c.i.embedder.EclipseLogger - Using 'UTF-8' encoding to copy filtered resources.
2018-07-02 10:51:28,710 [Worker-9] INFO  o.e.m.c.i.embedder.EclipseLogger - skip non existing resourceDirectory C:\Users\madis\eclipse-workspace\MavenJenkins\JenkinsIntegTest\src\main\resources
2018-07-02 10:51:28,713 [Worker-9] INFO  o.e.m.c.i.embedder.EclipseLogger - Using 'UTF-8' encoding to copy filtered resources.
2018-07-02 10:51:28,713 [Worker-9] INFO  o.e.m.c.i.embedder.EclipseLogger - skip non existing resourceDirectory C:\Users\madis\eclipse-workspace\MavenJenkins\JenkinsIntegTest\src\test\resources
2018-07-02 10:55:29,154 [Worker-6] INFO  o.e.m.c.i.l.LifecycleMappingFactory - Using org.eclipse.m2e.jdt.JarLifecycleMapping lifecycle mapping for MavenProject: org.myproject:JenkinsIntegTest:0.0.1-SNAPSHOT @ C:\Users\madis\eclipse-workspace\MavenJenkins\JenkinsIntegTest\pom.xml.
2018-07-02 10:55:29,392 [Worker-6] INFO  o.e.m.c.i.embedder.EclipseLogger - Using 'UTF-8' encoding to copy filtered resources.
2018-07-02 10:55:29,392 [Worker-6] INFO  o.e.m.c.i.embedder.EclipseLogger - skip non existing resourceDirectory C:\Users\madis\eclipse-workspace\MavenJenkins\JenkinsIntegTest\src\main\resources
2018-07-02 10:55:29,394 [Worker-6] INFO  o.e.m.c.i.embedder.EclipseLogger - Using 'UTF-8' encoding to copy filtered resources.
2018-07-02 10:55:29,395 [Worker-6] INFO  o.e.m.c.i.embedder.EclipseLogger - skip non existing resourceDirectory C:\Users\madis\eclipse-workspace\MavenJenkins\JenkinsIntegTest\src\test\resources
2018-07-02 11:28:04,094 [Worker-23] INFO  o.e.m.c.i.l.LifecycleMappingFactory - Using org.eclipse.m2e.jdt.JarLifecycleMapping lifecycle mapping for MavenProject: org.myproject:JenkinsIntegTest:0.0.1-SNAPSHOT @ C:\Users\madis\eclipse-workspace\MavenJenkins\JenkinsIntegTest\pom.xml.
2018-07-02 11:28:04,368 [Worker-23] INFO  o.e.m.c.i.embedder.EclipseLogger - Using 'UTF-8' encoding to copy filtered resources.
2018-07-02 11:28:04,368 [Worker-23] INFO  o.e.m.c.i.embedder.EclipseLogger - skip non existing resourceDirectory C:\Users\madis\eclipse-workspace\MavenJenkins\JenkinsIntegTest\src\main\resources
2018-07-02 11:28:04,370 [Worker-23] INFO  o.e.m.c.i.embedder.EclipseLogger - Using 'UTF-8' encoding to copy filtered resources.
2018-07-02 11:28:04,371 [Worker-23] INFO  o.e.m.c.i.embedder.EclipseLogger - skip non existing resourceDirectory C:\Users\madis\eclipse-workspace\MavenJenkins\JenkinsIntegTest\src\test\resources
2018-07-02 13:47:21,504 [Worker-4] INFO  c.g.t.t.d.PublishedGradleVersions - Gradle version information cache is up-to-date. Trying to read.
2018-07-02 13:47:26,319 [Worker-2] INFO  o.e.m.c.i.l.LifecycleMappingFactory - Using org.eclipse.m2e.jdt.JarLifecycleMapping lifecycle mapping for MavenProject: org.myproject:JenkinsIntegTest:0.0.1-SNAPSHOT @ C:\Users\madis\eclipse-workspace\MavenJenkins\JenkinsIntegTest\pom.xml.
2018-07-02 13:47:26,321 [Worker-0] INFO  o.e.m.c.i.l.LifecycleMappingFactory - Using org.eclipse.m2e.jdt.JarLifecycleMapping lifecycle mapping for MavenProject: org.myproject:JenkinsIntegTest:0.0.1-SNAPSHOT @ C:\Users\madis\eclipse-workspace\MavenJenkins\JenkinsIntegTest\pom.xml.
2018-07-02 13:47:27,659 [Worker-2] INFO  o.e.m.c.i.embedder.EclipseLogger - Using 'UTF-8' encoding to copy filtered resources.
2018-07-02 13:47:27,659 [Worker-2] INFO  o.e.m.c.i.embedder.EclipseLogger - skip non existing resourceDirectory C:\Users\madis\eclipse-workspace\MavenJenkins\JenkinsIntegTest\src\main\resources
2018-07-02 13:47:27,664 [Worker-2] INFO  o.e.m.c.i.embedder.EclipseLogger - Using 'UTF-8' encoding to copy filtered resources.
2018-07-02 13:47:27,664 [Worker-2] INFO  o.e.m.c.i.embedder.EclipseLogger - skip non existing resourceDirectory C:\Users\madis\eclipse-workspace\MavenJenkins\JenkinsIntegTest\src\test\resources
2018-07-02 13:47:30,052 [Worker-9] INFO  o.e.m.c.i.l.LifecycleMappingFactory - Using org.eclipse.m2e.jdt.JarLifecycleMapping lifecycle mapping for MavenProject: org.myproject:JenkinsIntegTest:0.0.1-SNAPSHOT @ C:\Users\madis\eclipse-workspace\MavenJenkins\JenkinsIntegTest\pom.xml.
2018-07-02 13:47:31,050 [Worker-13] INFO  o.e.m.c.i.embedder.EclipseLogger - Using 'UTF-8' encoding to copy filtered resources.
2018-07-02 13:47:31,051 [Worker-13] INFO  o.e.m.c.i.embedder.EclipseLogger - skip non existing resourceDirectory C:\Users\madis\eclipse-workspace\MavenJenkins\JenkinsIntegTest\src\main\resources
2018-07-02 13:47:31,052 [Worker-13] INFO  o.e.m.c.i.embedder.EclipseLogger - Using 'UTF-8' encoding to copy filtered resources.
2018-07-02 13:47:31,053 [Worker-13] INFO  o.e.m.c.i.embedder.EclipseLogger - skip non existing resourceDirectory C:\Users\madis\eclipse-workspace\MavenJenkins\JenkinsIntegTest\src\test\resources
2018-07-02 14:03:10,014 [Worker-17] INFO  o.e.m.i.launch.MavenLaunchDelegate - C:\Users\madis\eclipse-workspace\MavenJenkins\JenkinsIntegTest
2018-07-02 14:03:10,015 [Worker-17] INFO  o.e.m.i.launch.MavenLaunchDelegate -  mvn -B install
2018-07-02 14:03:16,585 [Worker-7] INFO  o.e.m.c.i.embedder.EclipseLogger - Using 'UTF-8' encoding to copy filtered resources.
2018-07-02 14:03:16,586 [Worker-7] INFO  o.e.m.c.i.embedder.EclipseLogger - skip non existing resourceDirectory C:\Users\madis\eclipse-workspace\MavenJenkins\JenkinsIntegTest\src\main\resources
2018-07-02 14:03:16,588 [Worker-7] INFO  o.e.m.c.i.embedder.EclipseLogger - Using 'UTF-8' encoding to copy filtered resources.
2018-07-02 14:03:16,588 [Worker-7] INFO  o.e.m.c.i.embedder.EclipseLogger - skip non existing resourceDirectory C:\Users\madis\eclipse-workspace\MavenJenkins\JenkinsIntegTest\src\test\resources
2018-07-02 14:05:46,081 [Worker-16] INFO  o.e.m.c.i.embedder.EclipseLogger - Using 'UTF-8' encoding to copy filtered resources.
2018-07-02 14:05:46,081 [Worker-16] INFO  o.e.m.c.i.embedder.EclipseLogger - skip non existing resourceDirectory C:\Users\madis\eclipse-workspace\MavenJenkins\JenkinsIntegTest\src\main\resources
2018-07-02 14:05:46,083 [Worker-16] INFO  o.e.m.c.i.embedder.EclipseLogger - Using 'UTF-8' encoding to copy filtered resources.
2018-07-02 14:05:46,083 [Worker-16] INFO  o.e.m.c.i.embedder.EclipseLogger - skip non existing resourceDirectory C:\Users\madis\eclipse-workspace\MavenJenkins\JenkinsIntegTest\src\test\resources
2018-07-02 14:05:55,606 [Worker-16] INFO  o.e.m.c.i.embedder.EclipseLogger - Using 'UTF-8' encoding to copy filtered resources.
2018-07-02 14:05:55,606 [Worker-16] INFO  o.e.m.c.i.embedder.EclipseLogger - skip non existing resourceDirectory C:\Users\madis\eclipse-workspace\MavenJenkins\JenkinsIntegTest\src\main\resources
2018-07-02 14:05:55,608 [Worker-16] INFO  o.e.m.c.i.embedder.EclipseLogger - Using 'UTF-8' encoding to copy filtered resources.
2018-07-02 14:05:55,609 [Worker-16] INFO  o.e.m.c.i.embedder.EclipseLogger - skip non existing resourceDirectory C:\Users\madis\eclipse-workspace\MavenJenkins\JenkinsIntegTest\src\test\resources
2018-07-02 14:06:01,835 [Worker-17] INFO  o.e.m.i.launch.MavenLaunchDelegate - C:\Users\madis\eclipse-workspace\MavenJenkins\JenkinsIntegTest
2018-07-02 14:06:01,836 [Worker-17] INFO  o.e.m.i.launch.MavenLaunchDelegate -  mvn -B test
2018-07-02 14:06:11,357 [Worker-19] INFO  o.e.m.c.i.embedder.EclipseLogger - Using 'UTF-8' encoding to copy filtered resources.
2018-07-02 14:06:11,358 [Worker-19] INFO  o.e.m.c.i.embedder.EclipseLogger - skip non existing resourceDirectory C:\Users\madis\eclipse-workspace\MavenJenkins\JenkinsIntegTest\src\main\resources
2018-07-02 14:06:11,361 [Worker-19] INFO  o.e.m.c.i.embedder.EclipseLogger - Using 'UTF-8' encoding to copy filtered resources.
2018-07-02 14:06:11,361 [Worker-19] INFO  o.e.m.c.i.embedder.EclipseLogger - skip non existing resourceDirectory C:\Users\madis\eclipse-workspace\MavenJenkins\JenkinsIntegTest\src\test\resources
2018-07-02 14:09:20,421 [Worker-18] INFO  o.e.m.i.launch.MavenLaunchDelegate - C:\Users\madis\eclipse-workspace\MavenJenkins\JenkinsIntegTest
2018-07-02 14:09:20,423 [Worker-18] INFO  o.e.m.i.launch.MavenLaunchDelegate -  mvn -B clean
2018-07-02 14:09:22,747 [Worker-18] INFO  o.e.m.c.i.embedder.EclipseLogger - Using 'UTF-8' encoding to copy filtered resources.
2018-07-02 14:09:22,747 [Worker-18] INFO  o.e.m.c.i.embedder.EclipseLogger - skip non existing resourceDirectory C:\Users\madis\eclipse-workspace\MavenJenkins\JenkinsIntegTest\src\main\resources
2018-07-02 14:09:22,749 [Worker-18] INFO  o.e.m.c.i.embedder.EclipseLogger - Using 'UTF-8' encoding to copy filtered resources.
2018-07-02 14:09:22,749 [Worker-18] INFO  o.e.m.c.i.embedder.EclipseLogger - skip non existing resourceDirectory C:\Users\madis\eclipse-workspace\MavenJenkins\JenkinsIntegTest\src\test\resources
2018-07-02 14:09:28,335 [main] INFO  o.e.m2e.actions.ExecutePomAction - Creating new launch configuration
2018-07-02 14:09:32,416 [Worker-19] INFO  o.e.m.i.launch.MavenLaunchDelegate - C:\Users\madis\eclipse-workspace\MavenJenkins\JenkinsIntegTest
2018-07-02 14:09:32,416 [Worker-19] INFO  o.e.m.i.launch.MavenLaunchDelegate -  mvn -B 
2018-07-02 14:09:57,234 [Worker-20] INFO  o.e.m.i.launch.MavenLaunchDelegate - C:\Users\madis\eclipse-workspace\MavenJenkins\JenkinsIntegTest
2018-07-02 14:09:57,234 [Worker-20] INFO  o.e.m.i.launch.MavenLaunchDelegate -  mvn -B install
2018-07-02 14:10:00,968 [Worker-15] INFO  o.e.m.c.i.embedder.EclipseLogger - Using 'UTF-8' encoding to copy filtered resources.
2018-07-02 14:10:00,969 [Worker-15] INFO  o.e.m.c.i.embedder.EclipseLogger - skip non existing resourceDirectory C:\Users\madis\eclipse-workspace\MavenJenkins\JenkinsIntegTest\src\main\resources
2018-07-02 14:10:00,973 [Worker-15] INFO  o.e.m.c.i.embedder.EclipseLogger - Using 'UTF-8' encoding to copy filtered resources.
2018-07-02 14:10:00,973 [Worker-15] INFO  o.e.m.c.i.embedder.EclipseLogger - skip non existing resourceDirectory C:\Users\madis\eclipse-workspace\MavenJenkins\JenkinsIntegTest\src\test\resources
2018-07-02 14:10:47,776 [Worker-19] INFO  o.e.m.c.i.embedder.EclipseLogger - Using 'UTF-8' encoding to copy filtered resources.
2018-07-02 14:10:47,776 [Worker-19] INFO  o.e.m.c.i.embedder.EclipseLogger - skip non existing resourceDirectory C:\Users\madis\eclipse-workspace\MavenJenkins\JenkinsIntegTest\src\main\resources
2018-07-02 14:10:47,780 [Worker-19] INFO  o.e.m.c.i.embedder.EclipseLogger - Using 'UTF-8' encoding to copy filtered resources.
2018-07-02 14:10:47,781 [Worker-19] INFO  o.e.m.c.i.embedder.EclipseLogger - skip non existing resourceDirectory C:\Users\madis\eclipse-workspace\MavenJenkins\JenkinsIntegTest\src\test\resources
2018-07-02 14:10:54,851 [Worker-17] INFO  o.e.m.i.launch.MavenLaunchDelegate - C:\Users\madis\eclipse-workspace\MavenJenkins\JenkinsIntegTest
2018-07-02 14:10:54,851 [Worker-17] INFO  o.e.m.i.launch.MavenLaunchDelegate -  mvn -B install
2018-07-02 14:10:58,768 [Worker-20] INFO  o.e.m.c.i.embedder.EclipseLogger - Using 'UTF-8' encoding to copy filtered resources.
2018-07-02 14:10:58,769 [Worker-20] INFO  o.e.m.c.i.embedder.EclipseLogger - skip non existing resourceDirectory C:\Users\madis\eclipse-workspace\MavenJenkins\JenkinsIntegTest\src\main\resources
2018-07-02 14:10:58,770 [Worker-20] INFO  o.e.m.c.i.embedder.EclipseLogger - Using 'UTF-8' encoding to copy filtered resources.
2018-07-02 14:10:58,770 [Worker-20] INFO  o.e.m.c.i.embedder.EclipseLogger - skip non existing resourceDirectory C:\Users\madis\eclipse-workspace\MavenJenkins\JenkinsIntegTest\src\test\resources
2018-07-02 14:11:17,270 [Worker-7] INFO  o.e.m.i.launch.MavenLaunchDelegate - C:\Users\madis\eclipse-workspace\MavenJenkins\JenkinsIntegTest
2018-07-02 14:11:17,270 [Worker-7] INFO  o.e.m.i.launch.MavenLaunchDelegate -  mvn -B test
2018-07-02 14:11:20,504 [Worker-16] INFO  o.e.m.c.i.embedder.EclipseLogger - Using 'UTF-8' encoding to copy filtered resources.
2018-07-02 14:11:20,505 [Worker-16] INFO  o.e.m.c.i.embedder.EclipseLogger - skip non existing resourceDirectory C:\Users\madis\eclipse-workspace\MavenJenkins\JenkinsIntegTest\src\main\resources
2018-07-02 14:11:20,508 [Worker-16] INFO  o.e.m.c.i.embedder.EclipseLogger - Using 'UTF-8' encoding to copy filtered resources.
2018-07-02 14:11:20,508 [Worker-16] INFO  o.e.m.c.i.embedder.EclipseLogger - skip non existing resourceDirectory C:\Users\madis\eclipse-workspace\MavenJenkins\JenkinsIntegTest\src\test\resources
2018-07-02 14:12:59,386 [Worker-18] INFO  o.e.m.c.i.embedder.EclipseLogger - Using 'UTF-8' encoding to copy filtered resources.
2018-07-02 14:12:59,386 [Worker-18] INFO  o.e.m.c.i.embedder.EclipseLogger - skip non existing resourceDirectory C:\Users\madis\eclipse-workspace\MavenJenkins\JenkinsIntegTest\src\main\resources
2018-07-02 14:12:59,389 [Worker-18] INFO  o.e.m.c.i.embedder.EclipseLogger - Using 'UTF-8' encoding to copy filtered resources.
2018-07-02 14:12:59,389 [Worker-18] INFO  o.e.m.c.i.embedder.EclipseLogger - skip non existing resourceDirectory C:\Users\madis\eclipse-workspace\MavenJenkins\JenkinsIntegTest\src\test\resources
2018-07-02 14:13:12,225 [Worker-15] INFO  o.e.m.i.launch.MavenLaunchDelegate - C:\Users\madis\eclipse-workspace\MavenJenkins\JenkinsIntegTest
2018-07-02 14:13:12,225 [Worker-15] INFO  o.e.m.i.launch.MavenLaunchDelegate -  mvn -B test
2018-07-02 14:13:15,503 [Worker-17] INFO  o.e.m.c.i.embedder.EclipseLogger - Using 'UTF-8' encoding to copy filtered resources.
2018-07-02 14:13:15,504 [Worker-17] INFO  o.e.m.c.i.embedder.EclipseLogger - skip non existing resourceDirectory C:\Users\madis\eclipse-workspace\MavenJenkins\JenkinsIntegTest\src\main\resources
2018-07-02 14:13:15,507 [Worker-17] INFO  o.e.m.c.i.embedder.EclipseLogger - Using 'UTF-8' encoding to copy filtered resources.
2018-07-02 14:13:15,508 [Worker-17] INFO  o.e.m.c.i.embedder.EclipseLogger - skip non existing resourceDirectory C:\Users\madis\eclipse-workspace\MavenJenkins\JenkinsIntegTest\src\test\resources
2018-07-02 14:14:15,346 [Worker-7] ERROR o.e.m.c.i.p.r.ProjectRegistryManager - Could not read pom.xml
org.eclipse.core.runtime.CoreException: Could not read pom.xml
	at org.eclipse.m2e.core.internal.embedder.MavenImpl.readModel(MavenImpl.java:565) ~[org.eclipse.m2e.core_1.8.3.20180227-2137.jar:na]
	at org.eclipse.m2e.core.internal.embedder.MavenImpl.readModel(MavenImpl.java:574) ~[org.eclipse.m2e.core_1.8.3.20180227-2137.jar:na]
	at org.eclipse.m2e.core.internal.project.registry.ProjectRegistryManager.refreshPhase2(ProjectRegistryManager.java:542) [org.eclipse.m2e.core_1.8.3.20180227-2137.jar:na]
	at org.eclipse.m2e.core.internal.project.registry.ProjectRegistryManager.refresh(ProjectRegistryManager.java:498) [org.eclipse.m2e.core_1.8.3.20180227-2137.jar:na]
	at org.eclipse.m2e.core.internal.project.registry.ProjectRegistryManager.refresh(ProjectRegistryManager.java:351) [org.eclipse.m2e.core_1.8.3.20180227-2137.jar:na]
	at org.eclipse.m2e.core.internal.project.registry.ProjectRegistryManager.refresh(ProjectRegistryManager.java:298) [org.eclipse.m2e.core_1.8.3.20180227-2137.jar:na]
	at org.eclipse.m2e.core.internal.builder.MavenBuilder$BuildMethod.getProjectFacade(MavenBuilder.java:154) [org.eclipse.m2e.core_1.8.3.20180227-2137.jar:na]
	at org.eclipse.m2e.core.internal.builder.MavenBuilder$BuildMethod$1.call(MavenBuilder.java:89) [org.eclipse.m2e.core_1.8.3.20180227-2137.jar:na]
	at org.eclipse.m2e.core.internal.embedder.MavenExecutionContext.executeBare(MavenExecutionContext.java:177) [org.eclipse.m2e.core_1.8.3.20180227-2137.jar:na]
	at org.eclipse.m2e.core.internal.embedder.MavenExecutionContext.execute(MavenExecutionContext.java:151) [org.eclipse.m2e.core_1.8.3.20180227-2137.jar:na]
	at org.eclipse.m2e.core.internal.embedder.MavenExecutionContext.execute(MavenExecutionContext.java:99) [org.eclipse.m2e.core_1.8.3.20180227-2137.jar:na]
	at org.eclipse.m2e.core.internal.builder.MavenBuilder$BuildMethod.execute(MavenBuilder.java:86) [org.eclipse.m2e.core_1.8.3.20180227-2137.jar:na]
	at org.eclipse.m2e.core.internal.builder.MavenBuilder.build(MavenBuilder.java:200) [org.eclipse.m2e.core_1.8.3.20180227-2137.jar:na]
	at org.eclipse.core.internal.events.BuildManager$2.run(BuildManager.java:735) [org.eclipse.core.resources_3.12.0.v20170417-1558.jar:na]
	at org.eclipse.core.runtime.SafeRunner.run(SafeRunner.java:42) [org.eclipse.equinox.common_3.9.0.v20170207-1454.jar:na]
	at org.eclipse.core.internal.events.BuildManager.basicBuild(BuildManager.java:206) [org.eclipse.core.resources_3.12.0.v20170417-1558.jar:na]
	at org.eclipse.core.internal.events.BuildManager.basicBuild(BuildManager.java:246) [org.eclipse.core.resources_3.12.0.v20170417-1558.jar:na]
	at org.eclipse.core.internal.events.BuildManager$1.run(BuildManager.java:301) [org.eclipse.core.resources_3.12.0.v20170417-1558.jar:na]
	at org.eclipse.core.runtime.SafeRunner.run(SafeRunner.java:42) [org.eclipse.equinox.common_3.9.0.v20170207-1454.jar:na]
	at org.eclipse.core.internal.events.BuildManager.basicBuild(BuildManager.java:304) [org.eclipse.core.resources_3.12.0.v20170417-1558.jar:na]
	at org.eclipse.core.internal.events.BuildManager.basicBuildLoop(BuildManager.java:360) [org.eclipse.core.resources_3.12.0.v20170417-1558.jar:na]
	at org.eclipse.core.internal.events.BuildManager.build(BuildManager.java:383) [org.eclipse.core.resources_3.12.0.v20170417-1558.jar:na]
	at org.eclipse.core.internal.events.AutoBuildJob.doBuild(AutoBuildJob.java:142) [org.eclipse.core.resources_3.12.0.v20170417-1558.jar:na]
	at org.eclipse.core.internal.events.AutoBuildJob.run(AutoBuildJob.java:232) [org.eclipse.core.resources_3.12.0.v20170417-1558.jar:na]
	at org.eclipse.core.internal.jobs.Worker.run(Worker.java:56) [org.eclipse.core.jobs_3.9.3.v20180115-1757.jar:na]
Caused by: org.apache.maven.model.io.ModelParseException: Duplicated tag: 'properties' (position: START_TAG seen ...</properties>\r\n\r\n  <properties>... @18:15) 
	at org.apache.maven.model.io.DefaultModelReader.read(DefaultModelReader.java:122) ~[maven-model-builder-3.3.9.jar:3.3.9]
	at org.apache.maven.model.io.DefaultModelReader.read(DefaultModelReader.java:86) ~[maven-model-builder-3.3.9.jar:3.3.9]
	at org.eclipse.m2e.core.internal.embedder.MavenImpl.readModel(MavenImpl.java:563) ~[org.eclipse.m2e.core_1.8.3.20180227-2137.jar:na]
	... 24 common frames omitted
Caused by: org.codehaus.plexus.util.xml.pull.XmlPullParserException: Duplicated tag: 'properties' (position: START_TAG seen ...</properties>\r\n\r\n  <properties>... @18:15) 
	at org.apache.maven.model.io.xpp3.MavenXpp3Reader.checkFieldWithDuplicate(MavenXpp3Reader.java:140) ~[maven-model-3.3.9.jar:3.3.9]
	at org.apache.maven.model.io.xpp3.MavenXpp3Reader.parseModel(MavenXpp3Reader.java:2214) ~[maven-model-3.3.9.jar:3.3.9]
	at org.apache.maven.model.io.xpp3.MavenXpp3Reader.read(MavenXpp3Reader.java:3845) ~[maven-model-3.3.9.jar:3.3.9]
	at org.apache.maven.model.io.xpp3.MavenXpp3Reader.read(MavenXpp3Reader.java:595) ~[maven-model-3.3.9.jar:3.3.9]
	at org.apache.maven.model.io.DefaultModelReader.read(DefaultModelReader.java:117) ~[maven-model-builder-3.3.9.jar:3.3.9]
	... 26 common frames omitted
2018-07-02 14:14:16,626 [Worker-18] ERROR o.e.m.c.i.p.r.ProjectRegistryManager - Could not read pom.xml
org.eclipse.core.runtime.CoreException: Could not read pom.xml
	at org.eclipse.m2e.core.internal.embedder.MavenImpl.readModel(MavenImpl.java:565) ~[org.eclipse.m2e.core_1.8.3.20180227-2137.jar:na]
	at org.eclipse.m2e.core.internal.embedder.MavenImpl.readModel(MavenImpl.java:574) ~[org.eclipse.m2e.core_1.8.3.20180227-2137.jar:na]
	at org.eclipse.m2e.core.internal.project.registry.ProjectRegistryManager.refreshPhase2(ProjectRegistryManager.java:542) [org.eclipse.m2e.core_1.8.3.20180227-2137.jar:na]
	at org.eclipse.m2e.core.internal.project.registry.ProjectRegistryManager.refresh(ProjectRegistryManager.java:498) [org.eclipse.m2e.core_1.8.3.20180227-2137.jar:na]
	at org.eclipse.m2e.core.internal.project.registry.ProjectRegistryManager.refresh(ProjectRegistryManager.java:351) [org.eclipse.m2e.core_1.8.3.20180227-2137.jar:na]
	at org.eclipse.m2e.core.internal.project.registry.ProjectRegistryManager.refresh(ProjectRegistryManager.java:298) [org.eclipse.m2e.core_1.8.3.20180227-2137.jar:na]
	at org.eclipse.m2e.core.internal.builder.MavenBuilder$BuildMethod.getProjectFacade(MavenBuilder.java:154) [org.eclipse.m2e.core_1.8.3.20180227-2137.jar:na]
	at org.eclipse.m2e.core.internal.builder.MavenBuilder$BuildMethod$1.call(MavenBuilder.java:89) [org.eclipse.m2e.core_1.8.3.20180227-2137.jar:na]
	at org.eclipse.m2e.core.internal.embedder.MavenExecutionContext.executeBare(MavenExecutionContext.java:177) [org.eclipse.m2e.core_1.8.3.20180227-2137.jar:na]
	at org.eclipse.m2e.core.internal.embedder.MavenExecutionContext.execute(MavenExecutionContext.java:151) [org.eclipse.m2e.core_1.8.3.20180227-2137.jar:na]
	at org.eclipse.m2e.core.internal.embedder.MavenExecutionContext.execute(MavenExecutionContext.java:99) [org.eclipse.m2e.core_1.8.3.20180227-2137.jar:na]
	at org.eclipse.m2e.core.internal.builder.MavenBuilder$BuildMethod.execute(MavenBuilder.java:86) [org.eclipse.m2e.core_1.8.3.20180227-2137.jar:na]
	at org.eclipse.m2e.core.internal.builder.MavenBuilder.build(MavenBuilder.java:200) [org.eclipse.m2e.core_1.8.3.20180227-2137.jar:na]
	at org.eclipse.core.internal.events.BuildManager$2.run(BuildManager.java:735) [org.eclipse.core.resources_3.12.0.v20170417-1558.jar:na]
	at org.eclipse.core.runtime.SafeRunner.run(SafeRunner.java:42) [org.eclipse.equinox.common_3.9.0.v20170207-1454.jar:na]
	at org.eclipse.core.internal.events.BuildManager.basicBuild(BuildManager.java:206) [org.eclipse.core.resources_3.12.0.v20170417-1558.jar:na]
	at org.eclipse.core.internal.events.BuildManager.basicBuild(BuildManager.java:246) [org.eclipse.core.resources_3.12.0.v20170417-1558.jar:na]
	at org.eclipse.core.internal.events.BuildManager$1.run(BuildManager.java:301) [org.eclipse.core.resources_3.12.0.v20170417-1558.jar:na]
	at org.eclipse.core.runtime.SafeRunner.run(SafeRunner.java:42) [org.eclipse.equinox.common_3.9.0.v20170207-1454.jar:na]
	at org.eclipse.core.internal.events.BuildManager.basicBuild(BuildManager.java:304) [org.eclipse.core.resources_3.12.0.v20170417-1558.jar:na]
	at org.eclipse.core.internal.events.BuildManager.basicBuildLoop(BuildManager.java:360) [org.eclipse.core.resources_3.12.0.v20170417-1558.jar:na]
	at org.eclipse.core.internal.events.BuildManager.build(BuildManager.java:383) [org.eclipse.core.resources_3.12.0.v20170417-1558.jar:na]
	at org.eclipse.core.internal.events.AutoBuildJob.doBuild(AutoBuildJob.java:142) [org.eclipse.core.resources_3.12.0.v20170417-1558.jar:na]
	at org.eclipse.core.internal.events.AutoBuildJob.run(AutoBuildJob.java:232) [org.eclipse.core.resources_3.12.0.v20170417-1558.jar:na]
	at org.eclipse.core.internal.jobs.Worker.run(Worker.java:56) [org.eclipse.core.jobs_3.9.3.v20180115-1757.jar:na]
Caused by: org.apache.maven.model.io.ModelParseException: Duplicated tag: 'properties' (position: START_TAG seen ...</properties>\r\n\r\n  <properties>... @18:15) 
	at org.apache.maven.model.io.DefaultModelReader.read(DefaultModelReader.java:122) ~[maven-model-builder-3.3.9.jar:3.3.9]
	at org.apache.maven.model.io.DefaultModelReader.read(DefaultModelReader.java:86) ~[maven-model-builder-3.3.9.jar:3.3.9]
	at org.eclipse.m2e.core.internal.embedder.MavenImpl.readModel(MavenImpl.java:563) ~[org.eclipse.m2e.core_1.8.3.20180227-2137.jar:na]
	... 24 common frames omitted
Caused by: org.codehaus.plexus.util.xml.pull.XmlPullParserException: Duplicated tag: 'properties' (position: START_TAG seen ...</properties>\r\n\r\n  <properties>... @18:15) 
	at org.apache.maven.model.io.xpp3.MavenXpp3Reader.checkFieldWithDuplicate(MavenXpp3Reader.java:140) ~[maven-model-3.3.9.jar:3.3.9]
	at org.apache.maven.model.io.xpp3.MavenXpp3Reader.parseModel(MavenXpp3Reader.java:2214) ~[maven-model-3.3.9.jar:3.3.9]
	at org.apache.maven.model.io.xpp3.MavenXpp3Reader.read(MavenXpp3Reader.java:3845) ~[maven-model-3.3.9.jar:3.3.9]
	at org.apache.maven.model.io.xpp3.MavenXpp3Reader.read(MavenXpp3Reader.java:595) ~[maven-model-3.3.9.jar:3.3.9]
	at org.apache.maven.model.io.DefaultModelReader.read(DefaultModelReader.java:117) ~[maven-model-builder-3.3.9.jar:3.3.9]
	... 26 common frames omitted
2018-07-02 14:14:30,902 [Worker-17] INFO  o.e.m.c.i.l.LifecycleMappingFactory - Using org.eclipse.m2e.jdt.JarLifecycleMapping lifecycle mapping for MavenProject: org.myproject:JenkinsIntegTest:0.0.1-SNAPSHOT @ C:\Users\madis\eclipse-workspace\MavenJenkins\JenkinsIntegTest\pom.xml.
2018-07-02 14:14:31,245 [Worker-17] INFO  o.e.m.c.i.embedder.EclipseLogger - Using 'UTF-8' encoding to copy filtered resources.
2018-07-02 14:14:31,246 [Worker-17] INFO  o.e.m.c.i.embedder.EclipseLogger - skip non existing resourceDirectory C:\Users\madis\eclipse-workspace\MavenJenkins\JenkinsIntegTest\src\main\resources
2018-07-02 14:14:31,247 [Worker-17] INFO  o.e.m.c.i.embedder.EclipseLogger - Using 'UTF-8' encoding to copy filtered resources.
2018-07-02 14:14:31,247 [Worker-17] INFO  o.e.m.c.i.embedder.EclipseLogger - skip non existing resourceDirectory C:\Users\madis\eclipse-workspace\MavenJenkins\JenkinsIntegTest\src\test\resources
2018-07-02 14:14:32,384 [Worker-20] INFO  o.e.m.c.i.embedder.EclipseLogger - Using 'UTF-8' encoding to copy filtered resources.
2018-07-02 14:14:32,384 [Worker-20] INFO  o.e.m.c.i.embedder.EclipseLogger - skip non existing resourceDirectory C:\Users\madis\eclipse-workspace\MavenJenkins\JenkinsIntegTest\src\main\resources
2018-07-02 14:14:32,384 [Worker-20] INFO  o.e.m.c.i.embedder.EclipseLogger - Using 'UTF-8' encoding to copy filtered resources.
2018-07-02 14:14:32,385 [Worker-20] INFO  o.e.m.c.i.embedder.EclipseLogger - skip non existing resourceDirectory C:\Users\madis\eclipse-workspace\MavenJenkins\JenkinsIntegTest\src\test\resources
2018-07-02 14:14:38,519 [Worker-18] INFO  o.e.m.i.launch.MavenLaunchDelegate - C:\Users\madis\eclipse-workspace\MavenJenkins\JenkinsIntegTest
2018-07-02 14:14:38,519 [Worker-18] INFO  o.e.m.i.launch.MavenLaunchDelegate -  mvn -B test
2018-07-02 14:14:43,474 [Worker-7] INFO  o.e.m.c.i.embedder.EclipseLogger - Using 'UTF-8' encoding to copy filtered resources.
2018-07-02 14:14:43,474 [Worker-7] INFO  o.e.m.c.i.embedder.EclipseLogger - skip non existing resourceDirectory C:\Users\madis\eclipse-workspace\MavenJenkins\JenkinsIntegTest\src\main\resources
2018-07-02 14:14:43,477 [Worker-7] INFO  o.e.m.c.i.embedder.EclipseLogger - Using 'UTF-8' encoding to copy filtered resources.
2018-07-02 14:14:43,477 [Worker-7] INFO  o.e.m.c.i.embedder.EclipseLogger - skip non existing resourceDirectory C:\Users\madis\eclipse-workspace\MavenJenkins\JenkinsIntegTest\src\test\resources
2018-07-02 15:44:17,237 [Worker-30] INFO  o.e.m.i.launch.MavenLaunchDelegate - C:\Users\madis\eclipse-workspace\MavenJenkins\JenkinsIntegTest
2018-07-02 15:44:17,239 [Worker-30] INFO  o.e.m.i.launch.MavenLaunchDelegate -  mvn -B install
